[2026-03-20T20:55:44.845] [DEBUG] debug-file - env: nodejsVersion=v18.20.1
[2026-03-20T20:55:45.256] [DEBUG] debug-file - Hvigor init with startParameters:{
  hvigorfileTypeCheck: false,
  parallelExecution: true,
  incrementalExecution: true,
  printStackTrace: false,
  daemon: false,
  analyze: 0,
  logLevel: Level { level: 20000, levelStr: 'INFO', colour: 'green' },
  optimizationStrategy: 'memory',
  hotCompile: undefined,
  hotReloadBuild: undefined,
  customizedParam: undefined
}
[2026-03-20T20:55:47.168] [DEBUG] debug-file - hvigorfile, require result:  { default: { system: [Function: appTasks], plugins: [] } }
[2026-03-20T20:55:47.170] [DEBUG] debug-file - Starting plugin build process
[2026-03-20T20:55:47.314] [DEBUG] debug-file - Start initialize project's product build option map with build mode debug.
[2026-03-20T20:55:47.311] [DEBUG] debug-file - App plugin register hook start...
[2026-03-20T20:55:47.319] [DEBUG] debug-file - Obtain build option for product 'default'in this build.
[2026-03-20T20:55:47.336] [DEBUG] debug-file - Start recording SDK configuration permission data.
[2026-03-20T20:55:47.392] [DEBUG] debug-file - failed to load cangjie to dynamically generate schemas: Error: Cannot find module '@ohos/cangjie-build-support/index'
Require stack:
- C:\0000\Install\DevEcoStudio\DevEco Studio\tools\hvigor\hvigor-ohos-plugin\src\plugin\hooks\cangjie-register.js
- C:\0000\Install\DevEcoStudio\DevEco Studio\tools\hvigor\hvigor-ohos-plugin\src\plugin\strategy\stage-init-strategy.js
- C:\0000\Install\DevEcoStudio\DevEco Studio\tools\hvigor\hvigor-ohos-plugin\src\plugin\builder\abstract-plugin-builder.js
- C:\0000\Install\DevEcoStudio\DevEco Studio\tools\hvigor\hvigor-ohos-plugin\src\plugin\builder\app-plugin-builder.js
- C:\0000\Install\DevEcoStudio\DevEco Studio\tools\hvigor\hvigor-ohos-plugin\src\plugin\factory\plugin-factory.js
- C:\0000\Install\DevEcoStudio\DevEco Studio\tools\hvigor\hvigor-ohos-plugin\index.js
- C:\0000\Android_OS\test\second_app\hvigorfile.ts
- C:\0000\Install\DevEcoStudio\DevEco Studio\tools\hvigor\hvigor\src\base\internal\lifecycle\configuration.js
- C:\0000\Install\DevEcoStudio\DevEco Studio\tools\hvigor\hvigor\src\base\boot\index.js
- C:\0000\Install\DevEcoStudio\DevEco Studio\tools\hvigor\hvigor\src\cli\main\cli.js
- C:\0000\Install\DevEcoStudio\DevEco Studio\tools\hvigor\hvigor\bin\hvigor.js
[2026-03-20T20:55:47.383] [DEBUG] debug-file - Project task initialization takes 8 ms 
[2026-03-20T20:55:47.407] [DEBUG] debug-file - Start initialize module-target build option map, moduleName=entry, buildMode=debug
[2026-03-20T20:55:47.415] [DEBUG] debug-file - project has submodules:entry
[2026-03-20T20:55:44.847] [DEBUG] debug-file - env: hvigor-config.json5 content = {
  modelVersion: '6.0.2',
  dependencies: {},
  execution: {},
  logging: {},
  debugging: {},
  nodeOptions: {}
}
[2026-03-20T20:55:47.440] [DEBUG] debug-file - Start to initialize dependency information.
[2026-03-20T20:55:47.418] [DEBUG] debug-file - start to load updatedOhPackageInfo to the disk
[2026-03-20T20:55:47.477] [DEBUG] debug-file - Create  resident worker with id: 0.
[2026-03-20T20:55:47.452] [DEBUG] debug-file - entry : clean cost memory 0.11089324951171875
[2026-03-20T20:55:45.256] [DEBUG] debug-file - Since current hvigor version 6.22.3 differs from last hvigor version 
      undefined, delete file-cache.json and task-cache.json.
[2026-03-20T20:55:47.169] [DEBUG] debug-file - hvigorfile, binding system plugins [Function: appTasks]
[2026-03-20T20:55:47.170] [DEBUG] debug-file - App plugin prepare start...
[2026-03-20T20:55:47.314] [DEBUG] debug-file - Picking option from product 'default' with build mode 'debug'.
[2026-03-20T20:55:47.311] [DEBUG] debug-file - App plugin register hook end...
[2026-03-20T20:55:47.326] [DEBUG] debug-file - No signingConfig found, initRemoteHspCache failed.
[2026-03-20T20:55:47.373] [DEBUG] debug-file - Sdk init in 46 ms 
[2026-03-20T20:55:47.383] [DEBUG] debug-file - hvigorfile, binding custom plugins []
[2026-03-20T20:55:47.407] [DEBUG] debug-file - Target 'default' config initialized
[2026-03-20T20:55:44.848] [DEBUG] debug-file - env: daemon=false
[2026-03-20T20:55:47.445] [DEBUG] debug-file - Module entry Collected Dependency: 
[2026-03-20T20:55:47.424] [DEBUG] debug-file - load to the disk finished
[2026-03-20T20:55:47.481] [DEBUG] debug-file - Create  resident worker with id: 1.
[2026-03-20T20:55:47.452] [DEBUG] debug-file - runTaskFromQueue task cost before running: 2 s 207 ms 
[2026-03-20T20:55:45.257] [DEBUG] debug-file - Cache service initialization finished in 1 ms 
[2026-03-20T20:55:47.170] [DEBUG] debug-file - App plugin prepare end...
[2026-03-20T20:55:47.314] [DEBUG] debug-file - Product 'default' build option initialized
[2026-03-20T20:55:47.311] [DEBUG] debug-file - Plugin build process completed
[2026-03-20T20:55:47.328] [DEBUG] debug-file - Local scan or download HarmonyOS sdk components toolchains,ets,js,native,previewer
[2026-03-20T20:55:47.383] [DEBUG] debug-file - hvigorfile, no custom plugins were found in C:\0000\Android_OS\test\second_app\hvigorfile.ts
[2026-03-20T20:55:47.407] [DEBUG] debug-file - Target 'ohosTest' config initialized
[2026-03-20T20:55:44.848] [DEBUG] debug-file - no-daemon, use the parent process.execArgv --max-old-space-size=8192,--max-semi-space-size=16,--expose-gc
[2026-03-20T20:55:47.445] [DEBUG] debug-file - Module entry's total dependency: 0
[2026-03-20T20:55:47.425] [DEBUG] debug-file - Start to initialize dependency information.
[2026-03-20T20:55:47.484] [DEBUG] debug-file - Current worker pool is stopped or closed.
[2026-03-20T20:55:47.453] [INFO] debug-file - Finished :entry:clean... after 3 ms 
[2026-03-20T20:55:45.258] [DEBUG] debug-file - hvigorfile, resolving C:\0000\Android_OS\test\second_app\hvigorfile.ts
[2026-03-20T20:55:47.170] [DEBUG] debug-file - App plugin creating...
[2026-03-20T20:55:47.314] [DEBUG] debug-file - End initialize project's product build option map with build mode 'debug'.
[2026-03-20T20:55:47.331] [DEBUG] debug-file - Local scan or download hmscore sdk components toolchains,ets,native
[2026-03-20T20:55:47.383] [DEBUG] debug-file - hvigorfile, resolve finished C:\0000\Android_OS\test\second_app\hvigorfile.ts
[2026-03-20T20:55:47.448] [DEBUG] debug-file - Configuration phase cost:2 s 191 ms 
[2026-03-20T20:55:47.438] [DEBUG] debug-file - Module second_app Collected Dependency: 
[2026-03-20T20:55:47.408] [DEBUG] debug-file - Module 'entry' target 'default' build option initialized
[2026-03-20T20:55:47.485] [DEBUG] debug-file - Clear worker 0.
[2026-03-20T20:55:47.453] [DEBUG] debug-file - Executing task ::clean
[2026-03-20T20:55:47.450] [DEBUG] debug-file - Configuration task cost before running: 2 s 204 ms 
[2026-03-20T20:55:47.384] [DEBUG] debug-file - hvigorfile, resolving C:\0000\Android_OS\test\second_app\entry\hvigorfile.ts
[2026-03-20T20:55:47.438] [DEBUG] debug-file - Module second_app's total dependency: 0
[2026-03-20T20:55:47.408] [DEBUG] debug-file - Module 'entry' target 'ohosTest' build option initialized
[2026-03-20T20:55:47.485] [DEBUG] debug-file - Worker 0 has been cleared.
[2026-03-20T20:55:47.453] [DEBUG] debug-file - clean: Worker pool is inactive.
[2026-03-20T20:55:47.450] [DEBUG] debug-file - Executing task :entry:clean
[2026-03-20T20:55:47.390] [DEBUG] debug-file - hvigorfile, require result:  { default: { system: [Function: hapTasks], plugins: [] } }
[2026-03-20T20:55:47.408] [DEBUG] debug-file - End initialize module-target build option map, moduleName=entry
[2026-03-20T20:55:47.485] [DEBUG] debug-file - Current idle worker size: 1.
[2026-03-20T20:55:47.454] [DEBUG] debug-file - second_app : clean cost memory 0.02007293701171875
[2026-03-20T20:55:47.450] [DEBUG] debug-file - clean: Worker pool is inactive.
[2026-03-20T20:55:47.408] [DEBUG] debug-file - Start initialize module-target build option map, moduleName=entry, buildMode=release
[2026-03-20T20:55:47.390] [DEBUG] debug-file - hvigorfile, binding system plugins [Function: hapTasks]
[2026-03-20T20:55:47.485] [DEBUG] debug-file - Current busy worker size: 0.
[2026-03-20T20:55:47.454] [DEBUG] debug-file - runTaskFromQueue task cost before running: 2 s 208 ms 
[2026-03-20T20:55:47.408] [DEBUG] debug-file - Target 'default' config initialized
[2026-03-20T20:55:47.390] [DEBUG] debug-file - Starting plugin build process
[2026-03-20T20:55:47.485] [DEBUG] debug-file - Clear worker 1.
[2026-03-20T20:55:47.454] [INFO] debug-file - Finished ::clean... after 1 ms 
[2026-03-20T20:55:47.408] [DEBUG] debug-file - Target 'ohosTest' config initialized
[2026-03-20T20:55:47.454] [DEBUG] debug-file - Executing task :entry:init
[2026-03-20T20:55:47.390] [DEBUG] debug-file - Hap plugin creating...
[2026-03-20T20:55:47.485] [DEBUG] debug-file - Worker 1 has been cleared.
[2026-03-20T20:55:47.408] [DEBUG] debug-file - Module 'entry' target 'default' build option initialized
[2026-03-20T20:55:47.454] [DEBUG] debug-file - entry : init cost memory 0.01263427734375
[2026-03-20T20:55:47.485] [DEBUG] debug-file - Current idle worker size: 0.
[2026-03-20T20:55:47.454] [DEBUG] debug-file - runTaskFromQueue task cost before running: 2 s 208 ms 
[2026-03-20T20:55:47.408] [DEBUG] debug-file - Module 'entry' target 'ohosTest' build option initialized
[2026-03-20T20:55:47.454] [INFO] debug-file - Finished :entry:init... after 1 ms 
[2026-03-20T20:55:47.485] [DEBUG] debug-file - Current busy worker size: 0.
[2026-03-20T20:55:47.487] [DEBUG] debug-file - hvigor build process will be closed.
[2026-03-20T20:55:47.454] [DEBUG] debug-file - Executing task ::init
[2026-03-20T20:55:47.408] [DEBUG] debug-file - End initialize module-target build option map, moduleName=entry
[2026-03-20T20:55:47.490] [DEBUG] debug-file - worker[0] exits with exit code 0.
[2026-03-20T20:55:47.454] [DEBUG] debug-file - second_app : init cost memory 0.01141357421875
[2026-03-20T20:55:47.408] [DEBUG] debug-file - Start initialize module-target build option map, moduleName=entry, buildMode=debug
[2026-03-20T20:55:47.490] [DEBUG] debug-file - worker[1] exits with exit code 0.
[2026-03-20T20:55:47.454] [DEBUG] debug-file - runTaskFromQueue task cost before running: 2 s 209 ms 
[2026-03-20T20:55:47.408] [DEBUG] debug-file - Target 'default' config initialized
[2026-03-20T20:55:47.491] [DEBUG] debug-file - Current worker pool is terminated.
[2026-03-20T20:55:47.454] [INFO] debug-file - Finished ::init... after 1 ms 
[2026-03-20T20:55:47.408] [DEBUG] debug-file - Target 'ohosTest' config initialized
[2026-03-20T20:55:47.462] [DEBUG] debug-file - Obtain build option for module 'entry' target 'default'in this build.
[2026-03-20T20:55:47.408] [DEBUG] debug-file - Module 'entry' target 'default' build option initialized
[2026-03-20T20:55:47.463] [DEBUG] debug-file - Obtain build option for module 'entry' target 'ohosTest'in this build.
[2026-03-20T20:55:47.472] [DEBUG] debug-file - Since there is no instance or instance is terminated, create a new worker pool.
[2026-03-20T20:55:47.408] [DEBUG] debug-file - Module 'entry' target 'ohosTest' build option initialized
[2026-03-20T20:55:47.473] [DEBUG] debug-file - Worker pool is initialized with config:  {
  minPoolNum: 2,
  maxPoolNum: undefined,
  maxCoreSize: undefined,
  cacheCapacity: undefined,
  cacheTtl: undefined
}
[2026-03-20T20:55:47.408] [DEBUG] debug-file - End initialize module-target build option map, moduleName=entry
[2026-03-20T20:55:47.409] [DEBUG] debug-file - Obtain build option for module 'entry' target 'default'in this build.
[2026-03-20T20:55:47.413] [DEBUG] debug-file - Module entry task initialization takes 4 ms 
[2026-03-20T20:55:47.413] [DEBUG] debug-file - Hap plugin register hook start...
[2026-03-20T20:55:47.413] [DEBUG] debug-file - Hap plugin register hook end...
[2026-03-20T20:55:47.413] [DEBUG] debug-file - Plugin build process completed
[2026-03-20T20:55:47.413] [DEBUG] debug-file - hvigorfile, binding custom plugins []
[2026-03-20T20:55:47.413] [DEBUG] debug-file - hvigorfile, no custom plugins were found in C:\0000\Android_OS\test\second_app\entry\hvigorfile.ts
[2026-03-20T20:55:47.413] [DEBUG] debug-file - hvigorfile, resolve finished C:\0000\Android_OS\test\second_app\entry\hvigorfile.ts
[2026-03-20T20:56:53.323] [DEBUG] debug-file - env: nodejsVersion=v18.20.1
[2026-03-20T20:56:53.712] [DEBUG] debug-file - Hvigor init with startParameters:{
  hvigorfileTypeCheck: false,
  parallelExecution: true,
  incrementalExecution: true,
  printStackTrace: false,
  daemon: false,
  analyze: 0,
  logLevel: Level { level: 20000, levelStr: 'INFO', colour: 'green' },
  optimizationStrategy: 'memory',
  hotCompile: undefined,
  hotReloadBuild: undefined,
  customizedParam: undefined
}
[2026-03-20T20:56:55.676] [DEBUG] debug-file - hvigorfile, require result:  { default: { system: [Function: appTasks], plugins: [] } }
[2026-03-20T20:56:55.678] [DEBUG] debug-file - Starting plugin build process
[2026-03-20T20:56:55.841] [DEBUG] debug-file - Start initialize project's product build option map with build mode debug.
[2026-03-20T20:56:55.838] [DEBUG] debug-file - App plugin register hook start...
[2026-03-20T20:56:55.845] [DEBUG] debug-file - Obtain build option for product 'default'in this build.
[2026-03-20T20:56:55.860] [DEBUG] debug-file - Start recording SDK configuration permission data.
[2026-03-20T20:56:55.897] [DEBUG] debug-file - Project task initialization takes 7 ms 
[2026-03-20T20:56:55.927] [DEBUG] debug-file - project has submodules:entry
[2026-03-20T20:56:55.906] [DEBUG] debug-file - failed to load cangjie to dynamically generate schemas: Error: Cannot find module '@ohos/cangjie-build-support/index'
Require stack:
- C:\0000\Install\DevEcoStudio\DevEco Studio\tools\hvigor\hvigor-ohos-plugin\src\plugin\hooks\cangjie-register.js
- C:\0000\Install\DevEcoStudio\DevEco Studio\tools\hvigor\hvigor-ohos-plugin\src\plugin\strategy\stage-init-strategy.js
- C:\0000\Install\DevEcoStudio\DevEco Studio\tools\hvigor\hvigor-ohos-plugin\src\plugin\builder\abstract-plugin-builder.js
- C:\0000\Install\DevEcoStudio\DevEco Studio\tools\hvigor\hvigor-ohos-plugin\src\plugin\builder\app-plugin-builder.js
- C:\0000\Install\DevEcoStudio\DevEco Studio\tools\hvigor\hvigor-ohos-plugin\src\plugin\factory\plugin-factory.js
- C:\0000\Install\DevEcoStudio\DevEco Studio\tools\hvigor\hvigor-ohos-plugin\index.js
- C:\0000\Android_OS\test\app\second_app\hvigorfile.ts
- C:\0000\Install\DevEcoStudio\DevEco Studio\tools\hvigor\hvigor\src\base\internal\lifecycle\configuration.js
- C:\0000\Install\DevEcoStudio\DevEco Studio\tools\hvigor\hvigor\src\base\boot\index.js
- C:\0000\Install\DevEcoStudio\DevEco Studio\tools\hvigor\hvigor\src\cli\main\cli.js
- C:\0000\Install\DevEcoStudio\DevEco Studio\tools\hvigor\hvigor\bin\hvigor.js
[2026-03-20T20:56:55.920] [DEBUG] debug-file - Start initialize module-target build option map, moduleName=entry, buildMode=debug
[2026-03-20T20:56:53.325] [DEBUG] debug-file - env: hvigor-config.json5 content = {
  modelVersion: '6.0.2',
  dependencies: {},
  execution: {},
  logging: {},
  debugging: {},
  nodeOptions: {}
}
[2026-03-20T20:56:55.950] [DEBUG] debug-file - Start to initialize dependency information.
[2026-03-20T20:56:55.929] [DEBUG] debug-file - start to load updatedOhPackageInfo to the disk
[2026-03-20T20:56:55.983] [DEBUG] debug-file - Create  resident worker with id: 0.
[2026-03-20T20:56:53.713] [DEBUG] debug-file - Cache service initialization finished in 1 ms 
[2026-03-20T20:56:55.676] [DEBUG] debug-file - hvigorfile, binding system plugins [Function: appTasks]
[2026-03-20T20:56:55.678] [DEBUG] debug-file - App plugin prepare start...
[2026-03-20T20:56:55.841] [DEBUG] debug-file - Picking option from product 'default' with build mode 'debug'.
[2026-03-20T20:56:55.839] [DEBUG] debug-file - App plugin register hook end...
[2026-03-20T20:56:55.851] [DEBUG] debug-file - No signingConfig found, initRemoteHspCache failed.
[2026-03-20T20:56:55.889] [DEBUG] debug-file - Sdk init in 37 ms 
[2026-03-20T20:56:55.897] [DEBUG] debug-file - hvigorfile, binding custom plugins []
[2026-03-20T20:56:55.920] [DEBUG] debug-file - Target 'default' config initialized
[2026-03-20T20:56:53.327] [DEBUG] debug-file - env: daemon=false
[2026-03-20T20:56:55.954] [DEBUG] debug-file - Module entry Collected Dependency: 
[2026-03-20T20:56:55.937] [DEBUG] debug-file - load to the disk finished
[2026-03-20T20:56:55.984] [DEBUG] debug-file - Create  resident worker with id: 1.
[2026-03-20T20:56:53.714] [DEBUG] debug-file - hvigorfile, resolving C:\0000\Android_OS\test\app\second_app\hvigorfile.ts
[2026-03-20T20:56:55.678] [DEBUG] debug-file - App plugin prepare end...
[2026-03-20T20:56:55.841] [DEBUG] debug-file - Product 'default' build option initialized
[2026-03-20T20:56:55.839] [DEBUG] debug-file - Plugin build process completed
[2026-03-20T20:56:55.853] [DEBUG] debug-file - Local scan or download HarmonyOS sdk components toolchains,ets,js,native,previewer
[2026-03-20T20:56:55.897] [DEBUG] debug-file - hvigorfile, no custom plugins were found in C:\0000\Android_OS\test\app\second_app\hvigorfile.ts
[2026-03-20T20:56:55.921] [DEBUG] debug-file - Target 'ohosTest' config initialized
[2026-03-20T20:56:53.327] [DEBUG] debug-file - no-daemon, use the parent process.execArgv --max-old-space-size=8192,--max-semi-space-size=16,--expose-gc
[2026-03-20T20:56:55.954] [DEBUG] debug-file - Module entry's total dependency: 0
[2026-03-20T20:56:55.938] [DEBUG] debug-file - Start to initialize dependency information.
[2026-03-20T20:56:55.986] [DEBUG] debug-file - Current worker pool is stopped or closed.
[2026-03-20T20:56:55.678] [DEBUG] debug-file - App plugin creating...
[2026-03-20T20:56:55.841] [DEBUG] debug-file - End initialize project's product build option map with build mode 'debug'.
[2026-03-20T20:56:55.856] [DEBUG] debug-file - Local scan or download hmscore sdk components toolchains,ets,native
[2026-03-20T20:56:55.897] [DEBUG] debug-file - hvigorfile, resolve finished C:\0000\Android_OS\test\app\second_app\hvigorfile.ts
[2026-03-20T20:56:55.921] [DEBUG] debug-file - Module 'entry' target 'default' build option initialized
[2026-03-20T20:56:55.957] [DEBUG] debug-file - Configuration phase cost:2 s 245 ms 
[2026-03-20T20:56:55.949] [DEBUG] debug-file - Module second_app Collected Dependency: 
[2026-03-20T20:56:55.986] [DEBUG] debug-file - Clear worker 0.
[2026-03-20T20:56:55.898] [DEBUG] debug-file - hvigorfile, resolving C:\0000\Android_OS\test\app\second_app\entry\hvigorfile.ts
[2026-03-20T20:56:55.921] [DEBUG] debug-file - Module 'entry' target 'ohosTest' build option initialized
[2026-03-20T20:56:55.959] [DEBUG] debug-file - Configuration task cost before running: 2 s 257 ms 
[2026-03-20T20:56:55.949] [DEBUG] debug-file - Module second_app's total dependency: 0
[2026-03-20T20:56:55.986] [DEBUG] debug-file - Worker 0 has been cleared.
[2026-03-20T20:56:55.904] [DEBUG] debug-file - hvigorfile, require result:  { default: { system: [Function: hapTasks], plugins: [] } }
[2026-03-20T20:56:55.921] [DEBUG] debug-file - End initialize module-target build option map, moduleName=entry
[2026-03-20T20:56:55.959] [DEBUG] debug-file - Executing task :entry:init
[2026-03-20T20:56:55.986] [DEBUG] debug-file - Current idle worker size: 1.
[2026-03-20T20:56:55.904] [DEBUG] debug-file - hvigorfile, binding system plugins [Function: hapTasks]
[2026-03-20T20:56:55.921] [DEBUG] debug-file - Start initialize module-target build option map, moduleName=entry, buildMode=release
[2026-03-20T20:56:55.959] [DEBUG] debug-file - entry : init cost memory 0.0140838623046875
[2026-03-20T20:56:55.986] [DEBUG] debug-file - Current busy worker size: 0.
[2026-03-20T20:56:55.904] [DEBUG] debug-file - Starting plugin build process
[2026-03-20T20:56:55.921] [DEBUG] debug-file - Target 'default' config initialized
[2026-03-20T20:56:55.960] [DEBUG] debug-file - runTaskFromQueue task cost before running: 2 s 258 ms 
[2026-03-20T20:56:55.986] [DEBUG] debug-file - Clear worker 1.
[2026-03-20T20:56:55.904] [DEBUG] debug-file - Hap plugin creating...
[2026-03-20T20:56:55.921] [DEBUG] debug-file - Target 'ohosTest' config initialized
[2026-03-20T20:56:55.960] [INFO] debug-file - Finished :entry:init... after 1 ms 
[2026-03-20T20:56:55.986] [DEBUG] debug-file - Worker 1 has been cleared.
[2026-03-20T20:56:55.921] [DEBUG] debug-file - Module 'entry' target 'default' build option initialized
[2026-03-20T20:56:55.960] [DEBUG] debug-file - Executing task ::init
[2026-03-20T20:56:55.986] [DEBUG] debug-file - Current idle worker size: 0.
[2026-03-20T20:56:55.921] [DEBUG] debug-file - Module 'entry' target 'ohosTest' build option initialized
[2026-03-20T20:56:55.961] [DEBUG] debug-file - second_app : init cost memory 0.0113677978515625
[2026-03-20T20:56:55.986] [DEBUG] debug-file - Current busy worker size: 0.
[2026-03-20T20:56:55.921] [DEBUG] debug-file - End initialize module-target build option map, moduleName=entry
[2026-03-20T20:56:55.961] [DEBUG] debug-file - runTaskFromQueue task cost before running: 2 s 259 ms 
[2026-03-20T20:56:55.987] [DEBUG] debug-file - hvigor build process will be closed.
[2026-03-20T20:56:55.922] [DEBUG] debug-file - Start initialize module-target build option map, moduleName=entry, buildMode=debug
[2026-03-20T20:56:55.961] [INFO] debug-file - Finished ::init... after 1 ms 
[2026-03-20T20:56:55.990] [DEBUG] debug-file - worker[1] exits with exit code 0.
[2026-03-20T20:56:55.922] [DEBUG] debug-file - Target 'default' config initialized
[2026-03-20T20:56:55.922] [DEBUG] debug-file - Target 'ohosTest' config initialized
[2026-03-20T20:56:55.970] [DEBUG] debug-file - Obtain build option for module 'entry' target 'default'in this build.
[2026-03-20T20:56:55.991] [DEBUG] debug-file - worker[0] exits with exit code 0.
[2026-03-20T20:56:55.922] [DEBUG] debug-file - Module 'entry' target 'default' build option initialized
[2026-03-20T20:56:55.970] [DEBUG] debug-file - Obtain build option for module 'entry' target 'ohosTest'in this build.
[2026-03-20T20:56:55.991] [DEBUG] debug-file - Current worker pool is terminated.
[2026-03-20T20:56:55.922] [DEBUG] debug-file - Module 'entry' target 'ohosTest' build option initialized
[2026-03-20T20:56:55.979] [DEBUG] debug-file - Since there is no instance or instance is terminated, create a new worker pool.
[2026-03-20T20:56:55.922] [DEBUG] debug-file - End initialize module-target build option map, moduleName=entry
[2026-03-20T20:56:55.979] [DEBUG] debug-file - Worker pool is initialized with config:  {
  minPoolNum: 2,
  maxPoolNum: undefined,
  maxCoreSize: undefined,
  cacheCapacity: undefined,
  cacheTtl: undefined
}
[2026-03-20T20:56:55.922] [DEBUG] debug-file - Obtain build option for module 'entry' target 'default'in this build.
[2026-03-20T20:56:55.926] [DEBUG] debug-file - Module entry task initialization takes 3 ms 
[2026-03-20T20:56:55.926] [DEBUG] debug-file - Hap plugin register hook start...
[2026-03-20T20:56:55.926] [DEBUG] debug-file - Hap plugin register hook end...
[2026-03-20T20:56:55.926] [DEBUG] debug-file - Plugin build process completed
[2026-03-20T20:56:55.926] [DEBUG] debug-file - hvigorfile, binding custom plugins []
[2026-03-20T20:56:55.926] [DEBUG] debug-file - hvigorfile, no custom plugins were found in C:\0000\Android_OS\test\app\second_app\entry\hvigorfile.ts
[2026-03-20T20:56:55.926] [DEBUG] debug-file - hvigorfile, resolve finished C:\0000\Android_OS\test\app\second_app\entry\hvigorfile.ts
[2026-03-20T20:59:16.090] [DEBUG] debug-file - env: nodejsVersion=v18.20.1
[2026-03-20T20:59:16.172] [DEBUG] debug-file - env: daemon=true
[2026-03-20T20:59:16.091] [DEBUG] debug-file - env: hvigor-config.json5 content = {
  modelVersion: '6.0.2',
  dependencies: {},
  execution: {},
  logging: {},
  debugging: {},
  nodeOptions: {}
}
[2026-03-20T20:59:16.987] [DEBUG] debug-file - java daemon tryConnect failed Error: connect ECONNREFUSED 127.0.0.1:45050
[2026-03-20T20:59:17.006] [DEBUG] debug-file - java daemon started at port 45050 pid 32436
[2026-03-20T20:59:17.035] [DEBUG] debug-file - session manager: set active socket. socketId=4zsltAAqeBaau-63AAAB
[2026-03-20T20:59:17.859] [DEBUG] debug-file - watch worker: worker id should be larger than 0. Nothing will be sent to any worker thread.
[2026-03-20T20:59:17.866] [DEBUG] debug-file - Since there is no instance or instance is terminated, create a new worker pool.
[2026-03-20T20:59:17.866] [DEBUG] debug-file - Worker pool is initialized with config:  {
  minPoolNum: 2,
  maxPoolNum: undefined,
  maxCoreSize: undefined,
  cacheCapacity: undefined,
  cacheTtl: undefined
}
[2026-03-20T20:59:17.867] [DEBUG] debug-file - Create  resident worker with id: 0.
[2026-03-20T20:59:17.870] [DEBUG] debug-file - Create  resident worker with id: 1.
[2026-03-20T20:59:17.872] [DEBUG] debug-file - Workers' log level updated to INFO
[2026-03-20T20:59:17.881] [DEBUG] debug-file - Hvigor init with startParameters:{
  hvigorfileTypeCheck: false,
  parallelExecution: true,
  incrementalExecution: true,
  printStackTrace: false,
  daemon: true,
  analyze: 0,
  logLevel: Level { level: 20000, levelStr: 'INFO', colour: 'green' },
  optimizationStrategy: 'memory',
  hotCompile: undefined,
  hotReloadBuild: undefined,
  customizedParam: undefined
}
[2026-03-20T20:59:17.883] [DEBUG] debug-file - Cache service initialization finished in 2 ms 
[2026-03-20T20:59:17.885] [DEBUG] debug-file - hvigorfile, resolving C:\0000\Android_OS\test\app\second_app\hvigorfile.ts
[2026-03-20T20:59:19.945] [DEBUG] debug-file - hvigorfile, require result:  { default: { plugins: [] } }
[2026-03-20T20:59:19.945] [DEBUG] debug-file - hvigorfile, binding system plugins null
[2026-03-20T20:59:19.946] [DEBUG] debug-file - Starting plugin build process
[2026-03-20T20:59:19.946] [DEBUG] debug-file - App plugin prepare start...
[2026-03-20T20:59:19.946] [DEBUG] debug-file - App plugin prepare end...
[2026-03-20T20:59:19.946] [DEBUG] debug-file - App plugin creating...
[2026-03-20T20:59:20.087] [DEBUG] debug-file - App plugin register hook start...
[2026-03-20T20:59:20.088] [DEBUG] debug-file - App plugin register hook end...
[2026-03-20T20:59:20.088] [DEBUG] debug-file - Plugin build process completed
[2026-03-20T20:59:20.089] [DEBUG] debug-file - Start initialize project's product build option map with build mode debug.
[2026-03-20T20:59:20.089] [DEBUG] debug-file - Picking option from product 'default' with build mode 'debug'.
[2026-03-20T20:59:20.089] [DEBUG] debug-file - Product 'default' build option initialized
[2026-03-20T20:59:20.089] [DEBUG] debug-file - End initialize project's product build option map with build mode 'debug'.
[2026-03-20T20:59:20.091] [DEBUG] debug-file - Obtain build option for product 'default'in this build.
[2026-03-20T20:59:20.098] [DEBUG] debug-file - No signingConfig found, initRemoteHspCache failed.
[2026-03-20T20:59:20.101] [DEBUG] debug-file - Local scan or download HarmonyOS sdk components toolchains,ets,js,native,previewer
[2026-03-20T20:59:20.105] [DEBUG] debug-file - Local scan or download hmscore sdk components toolchains,ets,native
[2026-03-20T20:59:20.107] [DEBUG] debug-file - Start recording SDK configuration permission data.
[2026-03-20T20:59:20.141] [DEBUG] debug-file - Sdk init in 42 ms 
[2026-03-20T20:59:20.146] [DEBUG] debug-file - Project task initialization takes 5 ms 
[2026-03-20T20:59:20.147] [DEBUG] debug-file - hvigorfile, binding custom plugins []
[2026-03-20T20:59:20.147] [DEBUG] debug-file - hvigorfile, no custom plugins were found in C:\0000\Android_OS\test\app\second_app\hvigorfile.ts
[2026-03-20T20:59:20.147] [DEBUG] debug-file - hvigorfile, resolve finished C:\0000\Android_OS\test\app\second_app\hvigorfile.ts
[2026-03-20T20:59:20.147] [DEBUG] debug-file - hvigorfile, resolving C:\0000\Android_OS\test\app\second_app\entry\hvigorfile.ts
[2026-03-20T20:59:20.153] [DEBUG] debug-file - hvigorfile, require result:  { default: { plugins: [] } }
[2026-03-20T20:59:20.153] [DEBUG] debug-file - hvigorfile, binding system plugins null
[2026-03-20T20:59:20.153] [DEBUG] debug-file - Starting plugin build process
[2026-03-20T20:59:20.153] [DEBUG] debug-file - Hap plugin creating...
[2026-03-20T20:59:20.155] [DEBUG] debug-file - failed to load cangjie to dynamically generate schemas: Error: Cannot find module '@ohos/cangjie-build-support/index'
Require stack:
- C:\0000\Install\DevEcoStudio\DevEco Studio\tools\hvigor\hvigor-ohos-plugin\src\plugin\hooks\cangjie-register.js
- C:\0000\Install\DevEcoStudio\DevEco Studio\tools\hvigor\hvigor-ohos-plugin\src\plugin\strategy\stage-init-strategy.js
- C:\0000\Install\DevEcoStudio\DevEco Studio\tools\hvigor\hvigor-ohos-plugin\src\plugin\builder\abstract-plugin-builder.js
- C:\0000\Install\DevEcoStudio\DevEco Studio\tools\hvigor\hvigor-ohos-plugin\src\plugin\builder\app-plugin-builder.js
- C:\0000\Install\DevEcoStudio\DevEco Studio\tools\hvigor\hvigor-ohos-plugin\src\plugin\factory\plugin-factory.js
- C:\0000\Install\DevEcoStudio\DevEco Studio\tools\hvigor\hvigor-ohos-plugin\index.js
- C:\0000\Android_OS\test\app\second_app\hvigorfile.ts
- C:\0000\Install\DevEcoStudio\DevEco Studio\tools\hvigor\hvigor\src\base\internal\lifecycle\configuration.js
- C:\0000\Install\DevEcoStudio\DevEco Studio\tools\hvigor\hvigor\src\base\boot\index.js
- C:\0000\Install\DevEcoStudio\DevEco Studio\tools\hvigor\hvigor\src\base\daemon\cluster\worker-process-lifecycle.js
- C:\0000\Install\DevEcoStudio\DevEco Studio\tools\hvigor\hvigor\src\base\daemon\process\daemon-process-boot-script.js
[2026-03-20T20:59:20.167] [DEBUG] debug-file - Start initialize module-target build option map, moduleName=entry, buildMode=debug
[2026-03-20T20:59:20.167] [DEBUG] debug-file - Target 'default' config initialized
[2026-03-20T20:59:20.168] [DEBUG] debug-file - Target 'ohosTest' config initialized
[2026-03-20T20:59:20.168] [DEBUG] debug-file - Module 'entry' target 'default' build option initialized
[2026-03-20T20:59:20.168] [DEBUG] debug-file - Module 'entry' target 'ohosTest' build option initialized
[2026-03-20T20:59:20.168] [DEBUG] debug-file - End initialize module-target build option map, moduleName=entry
[2026-03-20T20:59:20.168] [DEBUG] debug-file - Start initialize module-target build option map, moduleName=entry, buildMode=release
[2026-03-20T20:59:20.168] [DEBUG] debug-file - Target 'default' config initialized
[2026-03-20T20:59:20.169] [DEBUG] debug-file - Target 'ohosTest' config initialized
[2026-03-20T20:59:20.169] [DEBUG] debug-file - Module 'entry' target 'default' build option initialized
[2026-03-20T20:59:20.169] [DEBUG] debug-file - Module 'entry' target 'ohosTest' build option initialized
[2026-03-20T20:59:20.169] [DEBUG] debug-file - End initialize module-target build option map, moduleName=entry
[2026-03-20T20:59:20.169] [DEBUG] debug-file - Start initialize module-target build option map, moduleName=entry, buildMode=debug
[2026-03-20T20:59:20.169] [DEBUG] debug-file - Target 'default' config initialized
[2026-03-20T20:59:20.169] [DEBUG] debug-file - Target 'ohosTest' config initialized
[2026-03-20T20:59:20.169] [DEBUG] debug-file - Module 'entry' target 'default' build option initialized
[2026-03-20T20:59:20.169] [DEBUG] debug-file - Module 'entry' target 'ohosTest' build option initialized
[2026-03-20T20:59:20.169] [DEBUG] debug-file - End initialize module-target build option map, moduleName=entry
[2026-03-20T20:59:20.170] [DEBUG] debug-file - Obtain build option for module 'entry' target 'default'in this build.
[2026-03-20T20:59:20.174] [DEBUG] debug-file - Module entry task initialization takes 4 ms 
[2026-03-20T20:59:20.174] [DEBUG] debug-file - Hap plugin register hook start...
[2026-03-20T20:59:20.174] [DEBUG] debug-file - Hap plugin register hook end...
[2026-03-20T20:59:20.174] [DEBUG] debug-file - Plugin build process completed
[2026-03-20T20:59:20.174] [DEBUG] debug-file - hvigorfile, binding custom plugins []
[2026-03-20T20:59:20.174] [DEBUG] debug-file - hvigorfile, no custom plugins were found in C:\0000\Android_OS\test\app\second_app\entry\hvigorfile.ts
[2026-03-20T20:59:20.174] [DEBUG] debug-file - hvigorfile, resolve finished C:\0000\Android_OS\test\app\second_app\entry\hvigorfile.ts
[2026-03-20T20:59:20.226] [DEBUG] debug-file - hvigorfile, resolve hvigorfile dependencies in 52 ms 
[2026-03-20T20:59:20.227] [DEBUG] debug-file - project has submodules:entry
[2026-03-20T20:59:20.232] [DEBUG] debug-file - start to load updatedOhPackageInfo to the disk
[2026-03-20T20:59:20.242] [DEBUG] debug-file - load to the disk finished
[2026-03-20T20:59:20.244] [DEBUG] debug-file - Start to initialize dependency information.
[2026-03-20T20:59:20.258] [DEBUG] debug-file - Module second_app Collected Dependency: 
[2026-03-20T20:59:20.258] [DEBUG] debug-file - Module second_app's total dependency: 0
[2026-03-20T20:59:20.259] [DEBUG] debug-file - Start to initialize dependency information.
[2026-03-20T20:59:20.264] [DEBUG] debug-file - Module entry Collected Dependency: 
[2026-03-20T20:59:20.264] [DEBUG] debug-file - Module entry's total dependency: 0
[2026-03-20T20:59:20.270] [DEBUG] debug-file - Configuration phase cost:2 s 386 ms 
[2026-03-20T20:59:20.271] [DEBUG] debug-file - Configuration task cost before running: 2 s 399 ms 
[2026-03-20T20:59:20.272] [DEBUG] debug-file - Executing task :entry:init
[2026-03-20T20:59:20.273] [DEBUG] debug-file - entry : init cost memory 0.01642608642578125
[2026-03-20T20:59:20.273] [DEBUG] debug-file - runTaskFromQueue task cost before running: 2 s 400 ms 
[2026-03-20T20:59:20.273] [INFO] debug-file - Finished :entry:init... after 1 ms 
[2026-03-20T20:59:20.274] [DEBUG] debug-file - Executing task ::init
[2026-03-20T20:59:20.274] [DEBUG] debug-file - second_app : init cost memory 0.10039520263671875
[2026-03-20T20:59:20.274] [DEBUG] debug-file - runTaskFromQueue task cost before running: 2 s 402 ms 
[2026-03-20T20:59:20.274] [INFO] debug-file - Finished ::init... after 1 ms 
[2026-03-20T20:59:20.284] [DEBUG] debug-file - Obtain build option for module 'entry' target 'default'in this build.
[2026-03-20T20:59:20.284] [DEBUG] debug-file - Obtain build option for module 'entry' target 'ohosTest'in this build.
[2026-03-20T20:59:20.297] [DEBUG] debug-file - session manager: send message to worker process.
[2026-03-20T20:59:20.298] [DEBUG] debug-file - session manager: send message to worker process.
[2026-03-20T20:59:20.395] [DEBUG] debug-file - Cleanup worker 0.
[2026-03-20T20:59:20.395] [DEBUG] debug-file - Worker 0 has been cleaned up.
[2026-03-20T20:59:20.396] [DEBUG] debug-file - Current idle worker size: 1.
[2026-03-20T20:59:20.396] [DEBUG] debug-file - Current resident worker size: 2.
[2026-03-20T20:59:20.396] [DEBUG] debug-file - Cleanup worker 1.
[2026-03-20T20:59:20.396] [DEBUG] debug-file - Worker 1 has been cleaned up.
[2026-03-20T20:59:20.396] [DEBUG] debug-file - Current idle worker size: 0.
[2026-03-20T20:59:20.396] [DEBUG] debug-file - Current resident worker size: 2.
[2026-03-20T20:59:20.398] [DEBUG] debug-file - hvigor build process will be closed.
[2026-03-20T20:59:20.404] [DEBUG] debug-file - worker[0] exits with exit code 1.
[2026-03-20T20:59:20.404] [DEBUG] debug-file - worker[1] exits with exit code 1.
[2026-03-20T20:59:20.420] [DEBUG] debug-file - watch worker: worker id should be larger than 0. Nothing will be sent to any worker thread.
[2026-03-20T20:59:20.420] [DEBUG] debug-file - watch worker: worker id should be larger than 0. Nothing will be sent to any worker thread.
